<?xml version="1.0" encoding="UTF-8"?>
<!-- Generated by org.testng.reporters.JUnitReportReporter -->
<testsuite hostname="DESKTOP-E42SMQE" failures="0" tests="1" name="TestCases.LoginTst" time="11.311" errors="0" timestamp="2022-02-09T10:46:12 IST" skipped="0">
  <testcase classname="TestCases.LoginTst" name="doLoginWithinValodValidCredntialsWithValidUsernameAndInvalidPassword" time="11.311"/>
  <system-out/>
</testsuite> <!-- TestCases.LoginTst -->
