<?xml version="1.0" encoding="UTF-8"?>
<!-- Generated by org.testng.reporters.JUnitReportReporter -->
<testsuite hostname="DESKTOP-E42SMQE" failures="0" tests="5" name="TestCases.RegistratinTest" time="59.898" errors="0" timestamp="2022-02-10T11:04:57 IST" skipped="0">
  <testcase classname="TestCases.RegistratinTest" name="userRegistrationTest" time="11.338"/>
  <system-out/>
  <testcase classname="TestCases.RegistratinTest" name="userRegistrationTest" time="11.701"/>
  <system-out/>
  <testcase classname="TestCases.RegistratinTest" name="userRegistrationTest" time="13.320"/>
  <system-out/>
  <testcase classname="TestCases.RegistratinTest" name="userRegistrationTest" time="11.757"/>
  <system-out/>
  <testcase classname="TestCases.RegistratinTest" name="userRegistrationTest" time="11.782"/>
  <system-out/>
</testsuite> <!-- TestCases.RegistratinTest -->
