<?xml version="1.0" encoding="UTF-8"?>
<!-- Generated by org.testng.reporters.JUnitReportReporter -->
<testsuite hostname="DESKTOP-E42SMQE" failures="0" tests="5" name="TestCases.LoginTst" time="53.312" errors="0" timestamp="2022-02-11T10:39:07 IST" skipped="0">
  <testcase classname="TestCases.LoginTst" name="verifyLoginPageTest" time="9.351"/>
  <system-out/>
  <testcase classname="TestCases.LoginTst" name="verifyForgetPasswordLink" time="10.492"/>
  <system-out/>
  <testcase classname="TestCases.LoginTst" name="doLoginWithValodValidCredntials" time="11.658"/>
  <system-out/>
  <testcase classname="TestCases.LoginTst" name="doLoginWithinValodValidCredntialsWithValidUsernameAndInvalidPassword" time="12.936"/>
  <system-out/>
  <testcase classname="TestCases.LoginTst" name="verifyReturningCustmertextTest" time="8.875"/>
  <system-out/>
</testsuite> <!-- TestCases.LoginTst -->
