<?xml version="1.0" encoding="UTF-8"?>
<!-- Generated by org.testng.reporters.JUnitReportReporter -->
<testsuite hostname="DESKTOP-E42SMQE" failures="0" tests="4" name="TestCases.HomePageTest" time="130.693" errors="0" timestamp="2022-02-11T10:29:54 IST" skipped="0">
  <testcase classname="TestCases.HomePageTest" name="verifySearchBoxIsDisplayedTest" time="47.379"/>
  <system-out/>
  <testcase classname="TestCases.HomePageTest" name="verifyHomePageTitleTest" time="24.401"/>
  <system-out/>
  <testcase classname="TestCases.HomePageTest" name="verifyCurrencyDropDownDisplayTest" time="23.898"/>
  <system-out/>
  <testcase classname="TestCases.HomePageTest" name="verifySearchButtonDisplayedTest" time="35.015"/>
  <system-out/>
</testsuite> <!-- TestCases.HomePageTest -->
