<?xml version="1.0" encoding="UTF-8"?>
<!-- Generated by org.testng.reporters.JUnitReportReporter -->
<testsuite hostname="DESKTOP-E42SMQE" failures="0" tests="4" name="TestCases.HomePageTest" time="33.596" errors="0" timestamp="2022-02-08T11:02:46 IST" skipped="0">
  <testcase classname="TestCases.HomePageTest" name="verifySearchButtonDisplayedTest" time="8.143"/>
  <system-out/>
  <testcase classname="TestCases.HomePageTest" name="verifySearchBoxIsDisplayedTest" time="7.188"/>
  <system-out/>
  <testcase classname="TestCases.HomePageTest" name="verifyCurrencyDropDownDisplayTest" time="10.012"/>
  <system-out/>
  <testcase classname="TestCases.HomePageTest" name="verifyHomePageTitleTest" time="8.253"/>
  <system-out/>
</testsuite> <!-- TestCases.HomePageTest -->
